<?xml version="1.0" encoding="UTF-8"?>
<testng-results ignored="0" total="1" passed="1" failed="0" skipped="0">
  <reporter-output>
  </reporter-output>
  <suite started-at="2024-11-11T22:44:30 PST" name="Default suite" finished-at="2024-11-11T22:44:32 PST" duration-ms="1120">
    <groups>
    </groups>
    <test started-at="2024-11-11T22:44:30 PST" name="Default test" finished-at="2024-11-11T22:44:32 PST" duration-ms="1120">
      <class name="mavenregapp.Simpletest">
        <test-method signature="simple_Test()[pri:0, instance:mavenregapp.Simpletest@1aa7ecca]" started-at="2024-11-11T22:44:30 PST" name="simple_Test" finished-at="2024-11-11T22:44:32 PST" duration-ms="1101" status="PASS">
          <reporter-output>
          </reporter-output>
        </test-method> <!-- simple_Test -->
      </class> <!-- mavenregapp.Simpletest -->
    </test> <!-- Default test -->
  </suite> <!-- Default suite -->
</testng-results>
